{
  "0 debug pnpm:scope": {
    "selected": 1
  },
  "1 error pnpm": {
    "code": "ELIFECYCLE",
    "errno": "ENOENT",
    "syscall": "spawn",
    "file": "sh",
    "pkgid": "isolateModule@1.0.0",
    "stage": "build",
    "script": "rm -rf ./build && babel --no-comments -d ./build -x '.ts' src",
    "pkgname": "isolateModule",
    "err": {
      "name": "Error",
      "message": "isolateModule@1.0.0 build: `rm -rf ./build && babel --no-comments -d ./build -x '.ts' src`\nspawn ENOENT",
      "code": "ELIFECYCLE",
      "stack": "Error: isolateModule@1.0.0 build: `rm -rf ./build && babel --no-comments -d ./build -x '.ts' src`\nspawn ENOENT\n    at ChildProcess.<anonymous> (/Users/apollotang/1/1-sy/dot-config/yarn/global/node_modules/pnpm/dist/pnpm.cjs:92259:22)\n    at ChildProcess.emit (events.js:375:28)\n    at maybeClose (internal/child_process.js:1055:16)\n    at Process.ChildProcess._handle.onexit (internal/child_process.js:288:5)"
    }
  }
}